{"/Users/Martin/Workspace/camp2_exercises/03_backend_developement/08_09_commerce_API_project/server.js": {"path":"/Users/Martin/Workspace/camp2_exercises/03_backend_developement/08_09_commerce_API_project/server.js","statementMap":{"0":{"start":{"line":1,"column":16},"end":{"line":1,"column":34}},"1":{"start":{"line":2,"column":17},"end":{"line":2,"column":30}},"2":{"start":{"line":3,"column":13},"end":{"line":3,"column":23}},"3":{"start":{"line":11,"column":2},"end":{"line":20,"column":4}},"4":{"start":{"line":17,"column":19},"end":{"line":17,"column":37}},"5":{"start":{"line":18,"column":6},"end":{"line":18,"column":18}},"6":{"start":{"line":24,"column":2},"end":{"line":44,"column":5}},"7":{"start":{"line":25,"column":4},"end":{"line":43,"column":5}},"8":{"start":{"line":26,"column":6},"end":{"line":26,"column":13}},"9":{"start":{"line":27,"column":6},"end":{"line":27,"column":51}},"10":{"start":{"line":29,"column":6},"end":{"line":41,"column":9}},"11":{"start":{"line":30,"column":8},"end":{"line":40,"column":10}},"12":{"start":{"line":34,"column":12},"end":{"line":38,"column":13}},"13":{"start":{"line":35,"column":14},"end":{"line":35,"column":33}},"14":{"start":{"line":37,"column":14},"end":{"line":37,"column":39}},"15":{"start":{"line":42,"column":6},"end":{"line":42,"column":13}},"16":{"start":{"line":48,"column":2},"end":{"line":58,"column":4}},"17":{"start":{"line":55,"column":19},"end":{"line":55,"column":37}},"18":{"start":{"line":56,"column":6},"end":{"line":56,"column":18}},"19":{"start":{"line":61,"column":2},"end":{"line":81,"column":5}},"20":{"start":{"line":62,"column":4},"end":{"line":80,"column":5}},"21":{"start":{"line":63,"column":6},"end":{"line":63,"column":13}},"22":{"start":{"line":64,"column":6},"end":{"line":64,"column":51}},"23":{"start":{"line":66,"column":6},"end":{"line":78,"column":9}},"24":{"start":{"line":67,"column":8},"end":{"line":77,"column":10}},"25":{"start":{"line":71,"column":12},"end":{"line":75,"column":13}},"26":{"start":{"line":72,"column":14},"end":{"line":72,"column":33}},"27":{"start":{"line":74,"column":14},"end":{"line":74,"column":39}},"28":{"start":{"line":79,"column":6},"end":{"line":79,"column":13}},"29":{"start":{"line":85,"column":2},"end":{"line":94,"column":4}},"30":{"start":{"line":91,"column":19},"end":{"line":91,"column":37}},"31":{"start":{"line":92,"column":6},"end":{"line":92,"column":18}},"32":{"start":{"line":97,"column":2},"end":{"line":129,"column":5}},"33":{"start":{"line":98,"column":4},"end":{"line":128,"column":5}},"34":{"start":{"line":99,"column":6},"end":{"line":99,"column":13}},"35":{"start":{"line":100,"column":6},"end":{"line":100,"column":47}},"36":{"start":{"line":102,"column":6},"end":{"line":126,"column":9}},"37":{"start":{"line":103,"column":8},"end":{"line":125,"column":10}},"38":{"start":{"line":119,"column":12},"end":{"line":123,"column":13}},"39":{"start":{"line":120,"column":14},"end":{"line":120,"column":33}},"40":{"start":{"line":122,"column":14},"end":{"line":122,"column":39}},"41":{"start":{"line":127,"column":6},"end":{"line":127,"column":13}},"42":{"start":{"line":133,"column":2},"end":{"line":153,"column":4}},"43":{"start":{"line":139,"column":6},"end":{"line":151,"column":7}},"44":{"start":{"line":140,"column":8},"end":{"line":140,"column":27}},"45":{"start":{"line":142,"column":21},"end":{"line":142,"column":39}},"46":{"start":{"line":143,"column":27},"end":{"line":143,"column":60}},"47":{"start":{"line":143,"column":48},"end":{"line":143,"column":59}},"48":{"start":{"line":144,"column":8},"end":{"line":149,"column":9}},"49":{"start":{"line":145,"column":10},"end":{"line":145,"column":78}},"50":{"start":{"line":146,"column":10},"end":{"line":146,"column":45}},"51":{"start":{"line":148,"column":10},"end":{"line":148,"column":41}},"52":{"start":{"line":156,"column":2},"end":{"line":191,"column":4}},"53":{"start":{"line":162,"column":6},"end":{"line":189,"column":7}},"54":{"start":{"line":163,"column":8},"end":{"line":163,"column":27}},"55":{"start":{"line":165,"column":21},"end":{"line":165,"column":39}},"56":{"start":{"line":166,"column":8},"end":{"line":188,"column":11}},"57":{"start":{"line":167,"column":10},"end":{"line":187,"column":11}},"58":{"start":{"line":168,"column":12},"end":{"line":168,"column":19}},"59":{"start":{"line":169,"column":12},"end":{"line":169,"column":53}},"60":{"start":{"line":171,"column":12},"end":{"line":183,"column":15}},"61":{"start":{"line":172,"column":14},"end":{"line":182,"column":16}},"62":{"start":{"line":176,"column":18},"end":{"line":180,"column":19}},"63":{"start":{"line":177,"column":20},"end":{"line":177,"column":39}},"64":{"start":{"line":179,"column":20},"end":{"line":179,"column":45}},"65":{"start":{"line":184,"column":12},"end":{"line":184,"column":19}},"66":{"start":{"line":186,"column":12},"end":{"line":186,"column":65}},"67":{"start":{"line":194,"column":0},"end":{"line":203,"column":2}}},"fnMap":{"0":{"name":"getCategories","decl":{"start":{"line":10,"column":9},"end":{"line":10,"column":22}},"loc":{"start":{"line":10,"column":25},"end":{"line":21,"column":1}},"line":10},"1":{"name":"(anonymous_1)","decl":{"start":{"line":16,"column":4},"end":{"line":16,"column":5}},"loc":{"start":{"line":16,"column":38},"end":{"line":19,"column":5}},"line":16},"2":{"name":"insertCategories","decl":{"start":{"line":23,"column":9},"end":{"line":23,"column":25}},"loc":{"start":{"line":23,"column":32},"end":{"line":45,"column":1}},"line":23},"3":{"name":"(anonymous_3)","decl":{"start":{"line":24,"column":15},"end":{"line":24,"column":16}},"loc":{"start":{"line":24,"column":38},"end":{"line":44,"column":3}},"line":24},"4":{"name":"(anonymous_4)","decl":{"start":{"line":29,"column":15},"end":{"line":29,"column":16}},"loc":{"start":{"line":29,"column":27},"end":{"line":41,"column":7}},"line":29},"5":{"name":"(anonymous_5)","decl":{"start":{"line":33,"column":10},"end":{"line":33,"column":11}},"loc":{"start":{"line":33,"column":39},"end":{"line":39,"column":11}},"line":33},"6":{"name":"getBrands","decl":{"start":{"line":47,"column":9},"end":{"line":47,"column":18}},"loc":{"start":{"line":47,"column":21},"end":{"line":59,"column":1}},"line":47},"7":{"name":"(anonymous_7)","decl":{"start":{"line":53,"column":4},"end":{"line":53,"column":5}},"loc":{"start":{"line":53,"column":38},"end":{"line":57,"column":5}},"line":53},"8":{"name":"insertBrands","decl":{"start":{"line":60,"column":9},"end":{"line":60,"column":21}},"loc":{"start":{"line":60,"column":28},"end":{"line":82,"column":1}},"line":60},"9":{"name":"(anonymous_9)","decl":{"start":{"line":61,"column":15},"end":{"line":61,"column":16}},"loc":{"start":{"line":61,"column":38},"end":{"line":81,"column":3}},"line":61},"10":{"name":"(anonymous_10)","decl":{"start":{"line":66,"column":15},"end":{"line":66,"column":16}},"loc":{"start":{"line":66,"column":24},"end":{"line":78,"column":7}},"line":66},"11":{"name":"(anonymous_11)","decl":{"start":{"line":70,"column":10},"end":{"line":70,"column":11}},"loc":{"start":{"line":70,"column":39},"end":{"line":76,"column":11}},"line":70},"12":{"name":"getProducts","decl":{"start":{"line":84,"column":9},"end":{"line":84,"column":20}},"loc":{"start":{"line":84,"column":23},"end":{"line":95,"column":1}},"line":84},"13":{"name":"(anonymous_13)","decl":{"start":{"line":90,"column":4},"end":{"line":90,"column":5}},"loc":{"start":{"line":90,"column":38},"end":{"line":93,"column":5}},"line":90},"14":{"name":"insertProducts","decl":{"start":{"line":96,"column":9},"end":{"line":96,"column":23}},"loc":{"start":{"line":96,"column":30},"end":{"line":130,"column":1}},"line":96},"15":{"name":"(anonymous_15)","decl":{"start":{"line":97,"column":15},"end":{"line":97,"column":16}},"loc":{"start":{"line":97,"column":38},"end":{"line":129,"column":3}},"line":97},"16":{"name":"(anonymous_16)","decl":{"start":{"line":102,"column":15},"end":{"line":102,"column":16}},"loc":{"start":{"line":102,"column":26},"end":{"line":126,"column":7}},"line":102},"17":{"name":"(anonymous_17)","decl":{"start":{"line":118,"column":10},"end":{"line":118,"column":11}},"loc":{"start":{"line":118,"column":39},"end":{"line":124,"column":11}},"line":118},"18":{"name":"getCategoryToArray","decl":{"start":{"line":132,"column":9},"end":{"line":132,"column":27}},"loc":{"start":{"line":132,"column":45},"end":{"line":154,"column":1}},"line":132},"19":{"name":"(anonymous_19)","decl":{"start":{"line":138,"column":4},"end":{"line":138,"column":5}},"loc":{"start":{"line":138,"column":38},"end":{"line":152,"column":5}},"line":138},"20":{"name":"(anonymous_20)","decl":{"start":{"line":143,"column":36},"end":{"line":143,"column":37}},"loc":{"start":{"line":143,"column":48},"end":{"line":143,"column":59}},"line":143},"21":{"name":"getProductsByCategory","decl":{"start":{"line":155,"column":9},"end":{"line":155,"column":30}},"loc":{"start":{"line":155,"column":50},"end":{"line":192,"column":1}},"line":155},"22":{"name":"(anonymous_22)","decl":{"start":{"line":161,"column":4},"end":{"line":161,"column":5}},"loc":{"start":{"line":161,"column":38},"end":{"line":190,"column":5}},"line":161},"23":{"name":"(anonymous_23)","decl":{"start":{"line":166,"column":21},"end":{"line":166,"column":22}},"loc":{"start":{"line":166,"column":44},"end":{"line":188,"column":9}},"line":166},"24":{"name":"(anonymous_24)","decl":{"start":{"line":171,"column":21},"end":{"line":171,"column":22}},"loc":{"start":{"line":171,"column":32},"end":{"line":183,"column":13}},"line":171},"25":{"name":"(anonymous_25)","decl":{"start":{"line":175,"column":16},"end":{"line":175,"column":17}},"loc":{"start":{"line":175,"column":45},"end":{"line":181,"column":17}},"line":175}},"branchMap":{"0":{"loc":{"start":{"line":25,"column":4},"end":{"line":43,"column":5}},"type":"if","locations":[{"start":{"line":25,"column":4},"end":{"line":43,"column":5}},{"start":{"line":25,"column":4},"end":{"line":43,"column":5}}],"line":25},"1":{"loc":{"start":{"line":34,"column":12},"end":{"line":38,"column":13}},"type":"if","locations":[{"start":{"line":34,"column":12},"end":{"line":38,"column":13}},{"start":{"line":34,"column":12},"end":{"line":38,"column":13}}],"line":34},"2":{"loc":{"start":{"line":62,"column":4},"end":{"line":80,"column":5}},"type":"if","locations":[{"start":{"line":62,"column":4},"end":{"line":80,"column":5}},{"start":{"line":62,"column":4},"end":{"line":80,"column":5}}],"line":62},"3":{"loc":{"start":{"line":71,"column":12},"end":{"line":75,"column":13}},"type":"if","locations":[{"start":{"line":71,"column":12},"end":{"line":75,"column":13}},{"start":{"line":71,"column":12},"end":{"line":75,"column":13}}],"line":71},"4":{"loc":{"start":{"line":98,"column":4},"end":{"line":128,"column":5}},"type":"if","locations":[{"start":{"line":98,"column":4},"end":{"line":128,"column":5}},{"start":{"line":98,"column":4},"end":{"line":128,"column":5}}],"line":98},"5":{"loc":{"start":{"line":119,"column":12},"end":{"line":123,"column":13}},"type":"if","locations":[{"start":{"line":119,"column":12},"end":{"line":123,"column":13}},{"start":{"line":119,"column":12},"end":{"line":123,"column":13}}],"line":119},"6":{"loc":{"start":{"line":139,"column":6},"end":{"line":151,"column":7}},"type":"if","locations":[{"start":{"line":139,"column":6},"end":{"line":151,"column":7}},{"start":{"line":139,"column":6},"end":{"line":151,"column":7}}],"line":139},"7":{"loc":{"start":{"line":144,"column":8},"end":{"line":149,"column":9}},"type":"if","locations":[{"start":{"line":144,"column":8},"end":{"line":149,"column":9}},{"start":{"line":144,"column":8},"end":{"line":149,"column":9}}],"line":144},"8":{"loc":{"start":{"line":162,"column":6},"end":{"line":189,"column":7}},"type":"if","locations":[{"start":{"line":162,"column":6},"end":{"line":189,"column":7}},{"start":{"line":162,"column":6},"end":{"line":189,"column":7}}],"line":162},"9":{"loc":{"start":{"line":167,"column":10},"end":{"line":187,"column":11}},"type":"if","locations":[{"start":{"line":167,"column":10},"end":{"line":187,"column":11}},{"start":{"line":167,"column":10},"end":{"line":187,"column":11}}],"line":167},"10":{"loc":{"start":{"line":176,"column":18},"end":{"line":180,"column":19}},"type":"if","locations":[{"start":{"line":176,"column":18},"end":{"line":180,"column":19}},{"start":{"line":176,"column":18},"end":{"line":180,"column":19}}],"line":176}},"s":{"0":1,"1":1,"2":1,"3":0,"4":0,"5":0,"6":0,"7":0,"8":0,"9":0,"10":0,"11":0,"12":0,"13":0,"14":0,"15":0,"16":0,"17":0,"18":0,"19":0,"20":0,"21":0,"22":0,"23":0,"24":0,"25":0,"26":0,"27":0,"28":0,"29":0,"30":0,"31":0,"32":0,"33":0,"34":0,"35":0,"36":0,"37":0,"38":0,"39":0,"40":0,"41":0,"42":0,"43":0,"44":0,"45":0,"46":0,"47":0,"48":0,"49":0,"50":0,"51":0,"52":0,"53":0,"54":0,"55":0,"56":0,"57":0,"58":0,"59":0,"60":0,"61":0,"62":0,"63":0,"64":0,"65":0,"66":0,"67":1},"f":{"0":0,"1":0,"2":0,"3":0,"4":0,"5":0,"6":0,"7":0,"8":0,"9":0,"10":0,"11":0,"12":0,"13":0,"14":0,"15":0,"16":0,"17":0,"18":0,"19":0,"20":0,"21":0,"22":0,"23":0,"24":0,"25":0},"b":{"0":[0,0],"1":[0,0],"2":[0,0],"3":[0,0],"4":[0,0],"5":[0,0],"6":[0,0],"7":[0,0],"8":[0,0],"9":[0,0],"10":[0,0]},"_coverageSchema":"332fd63041d2c1bcb487cc26dd0d5f7d97098a6c","hash":"c28e0599972af1188ce55ef6db5cec5500481899"}
,"/Users/Martin/Workspace/camp2_exercises/03_backend_developement/08_09_commerce_API_project/.__tests__/server.test.js": {"path":"/Users/Martin/Workspace/camp2_exercises/03_backend_developement/08_09_commerce_API_project/.__tests__/server.test.js","statementMap":{"0":{"start":{"line":1,"column":15},"end":{"line":1,"column":38}},"1":{"start":{"line":3,"column":28},"end":{"line":7,"column":2}},"2":{"start":{"line":9,"column":25},"end":{"line":12,"column":2}},"3":{"start":{"line":14,"column":27},"end":{"line":25,"column":2}},"4":{"start":{"line":27,"column":0},"end":{"line":36,"column":3}},"5":{"start":{"line":28,"column":17},"end":{"line":28,"column":73}},"6":{"start":{"line":30,"column":2},"end":{"line":30,"column":44}},"7":{"start":{"line":32,"column":2},"end":{"line":32,"column":42}},"8":{"start":{"line":33,"column":2},"end":{"line":33,"column":59}},"9":{"start":{"line":35,"column":2},"end":{"line":35,"column":22}},"10":{"start":{"line":38,"column":0},"end":{"line":47,"column":3}},"11":{"start":{"line":39,"column":17},"end":{"line":39,"column":69}},"12":{"start":{"line":41,"column":2},"end":{"line":41,"column":37}},"13":{"start":{"line":43,"column":2},"end":{"line":43,"column":42}},"14":{"start":{"line":44,"column":2},"end":{"line":44,"column":56}},"15":{"start":{"line":46,"column":2},"end":{"line":46,"column":22}},"16":{"start":{"line":49,"column":0},"end":{"line":58,"column":3}},"17":{"start":{"line":50,"column":17},"end":{"line":50,"column":71}},"18":{"start":{"line":52,"column":2},"end":{"line":52,"column":41}},"19":{"start":{"line":54,"column":2},"end":{"line":54,"column":42}},"20":{"start":{"line":55,"column":2},"end":{"line":55,"column":58}},"21":{"start":{"line":57,"column":2},"end":{"line":57,"column":22}}},"fnMap":{"0":{"name":"(anonymous_0)","decl":{"start":{"line":27,"column":77},"end":{"line":27,"column":78}},"loc":{"start":{"line":27,"column":83},"end":{"line":36,"column":1}},"line":27},"1":{"name":"(anonymous_1)","decl":{"start":{"line":38,"column":69},"end":{"line":38,"column":70}},"loc":{"start":{"line":38,"column":75},"end":{"line":47,"column":1}},"line":38},"2":{"name":"(anonymous_2)","decl":{"start":{"line":49,"column":73},"end":{"line":49,"column":74}},"loc":{"start":{"line":49,"column":79},"end":{"line":58,"column":1}},"line":49}},"branchMap":{},"s":{"0":1,"1":1,"2":1,"3":1,"4":1,"5":1,"6":1,"7":1,"8":1,"9":1,"10":1,"11":1,"12":1,"13":1,"14":1,"15":1,"16":1,"17":1,"18":1,"19":1,"20":1,"21":1},"f":{"0":1,"1":1,"2":1},"b":{},"_coverageSchema":"332fd63041d2c1bcb487cc26dd0d5f7d97098a6c","hash":"e4f2807cfaef96f3ed23feb1a3900607154288b9"}
}
