TN:
SF:/Users/Martin/Workspace/camp2_exercises/03_backend_developement/08_09_commerce_API_project/server.js
FN:10,getCategories
FN:16,(anonymous_1)
FN:23,insertCategories
FN:24,(anonymous_3)
FN:29,(anonymous_4)
FN:33,(anonymous_5)
FN:47,getBrands
FN:53,(anonymous_7)
FN:60,insertBrands
FN:61,(anonymous_9)
FN:66,(anonymous_10)
FN:70,(anonymous_11)
FN:84,getProducts
FN:90,(anonymous_13)
FN:96,insertProducts
FN:97,(anonymous_15)
FN:102,(anonymous_16)
FN:118,(anonymous_17)
FN:132,getCategoryToArray
FN:138,(anonymous_19)
FN:143,(anonymous_20)
FN:155,getProductsByCategory
FN:161,(anonymous_22)
FN:166,(anonymous_23)
FN:171,(anonymous_24)
FN:175,(anonymous_25)
FNF:26
FNH:0
FNDA:0,getCategories
FNDA:0,(anonymous_1)
FNDA:0,insertCategories
FNDA:0,(anonymous_3)
FNDA:0,(anonymous_4)
FNDA:0,(anonymous_5)
FNDA:0,getBrands
FNDA:0,(anonymous_7)
FNDA:0,insertBrands
FNDA:0,(anonymous_9)
FNDA:0,(anonymous_10)
FNDA:0,(anonymous_11)
FNDA:0,getProducts
FNDA:0,(anonymous_13)
FNDA:0,insertProducts
FNDA:0,(anonymous_15)
FNDA:0,(anonymous_16)
FNDA:0,(anonymous_17)
FNDA:0,getCategoryToArray
FNDA:0,(anonymous_19)
FNDA:0,(anonymous_20)
FNDA:0,getProductsByCategory
FNDA:0,(anonymous_22)
FNDA:0,(anonymous_23)
FNDA:0,(anonymous_24)
FNDA:0,(anonymous_25)
DA:1,1
DA:2,1
DA:3,1
DA:11,0
DA:17,0
DA:18,0
DA:24,0
DA:25,0
DA:26,0
DA:27,0
DA:29,0
DA:30,0
DA:34,0
DA:35,0
DA:37,0
DA:42,0
DA:48,0
DA:55,0
DA:56,0
DA:61,0
DA:62,0
DA:63,0
DA:64,0
DA:66,0
DA:67,0
DA:71,0
DA:72,0
DA:74,0
DA:79,0
DA:85,0
DA:91,0
DA:92,0
DA:97,0
DA:98,0
DA:99,0
DA:100,0
DA:102,0
DA:103,0
DA:119,0
DA:120,0
DA:122,0
DA:127,0
DA:133,0
DA:139,0
DA:140,0
DA:142,0
DA:143,0
DA:144,0
DA:145,0
DA:146,0
DA:148,0
DA:156,0
DA:162,0
DA:163,0
DA:165,0
DA:166,0
DA:167,0
DA:168,0
DA:169,0
DA:171,0
DA:172,0
DA:176,0
DA:177,0
DA:179,0
DA:184,0
DA:186,0
DA:194,1
LF:67
LH:4
BRDA:25,0,0,0
BRDA:25,0,1,0
BRDA:34,1,0,0
BRDA:34,1,1,0
BRDA:62,2,0,0
BRDA:62,2,1,0
BRDA:71,3,0,0
BRDA:71,3,1,0
BRDA:98,4,0,0
BRDA:98,4,1,0
BRDA:119,5,0,0
BRDA:119,5,1,0
BRDA:139,6,0,0
BRDA:139,6,1,0
BRDA:144,7,0,0
BRDA:144,7,1,0
BRDA:162,8,0,0
BRDA:162,8,1,0
BRDA:167,9,0,0
BRDA:167,9,1,0
BRDA:176,10,0,0
BRDA:176,10,1,0
BRF:22
BRH:0
end_of_record
TN:
SF:/Users/Martin/Workspace/camp2_exercises/03_backend_developement/08_09_commerce_API_project/.__tests__/server.test.js
FN:27,(anonymous_0)
FN:38,(anonymous_1)
FN:49,(anonymous_2)
FNF:3
FNH:3
FNDA:1,(anonymous_0)
FNDA:1,(anonymous_1)
FNDA:1,(anonymous_2)
DA:1,1
DA:3,1
DA:9,1
DA:14,1
DA:27,1
DA:28,1
DA:30,1
DA:32,1
DA:33,1
DA:35,1
DA:38,1
DA:39,1
DA:41,1
DA:43,1
DA:44,1
DA:46,1
DA:49,1
DA:50,1
DA:52,1
DA:54,1
DA:55,1
DA:57,1
LF:22
LH:22
BRF:0
BRH:0
end_of_record
